[0.032s] Invoking command in '/home/ajantharajah/jude_ws/build/my_cpp_pkg': CMAKE_PREFIX_PATH=${CMAKE_PREFIX_PATH}:/home/ajantharajah/jude_ws/install/my_py_pkg:/home/ajantharajah/ros2_ws/install/my_py_pkg:/opt/ros/foxy /usr/bin/cmake --build /home/ajantharajah/jude_ws/build/my_cpp_pkg -- -j8 -l8
[0.222s] [100%] Built target cpp_node
[0.286s] Invoked command in '/home/ajantharajah/jude_ws/build/my_cpp_pkg' returned '0': CMAKE_PREFIX_PATH=${CMAKE_PREFIX_PATH}:/home/ajantharajah/jude_ws/install/my_py_pkg:/home/ajantharajah/ros2_ws/install/my_py_pkg:/opt/ros/foxy /usr/bin/cmake --build /home/ajantharajah/jude_ws/build/my_cpp_pkg -- -j8 -l8
[0.321s] Invoking command in '/home/ajantharajah/jude_ws/build/my_cpp_pkg': CMAKE_PREFIX_PATH=${CMAKE_PREFIX_PATH}:/home/ajantharajah/jude_ws/install/my_py_pkg:/home/ajantharajah/ros2_ws/install/my_py_pkg:/opt/ros/foxy /usr/bin/cmake --install /home/ajantharajah/jude_ws/build/my_cpp_pkg
[0.330s] -- Install configuration: ""
[0.332s] -- Up-to-date: /home/ajantharajah/jude_ws/install/my_cpp_pkg/lib/my_cpp_pkg/cpp_node
[0.333s] -- Up-to-date: /home/ajantharajah/jude_ws/install/my_cpp_pkg/share/ament_index/resource_index/package_run_dependencies/my_cpp_pkg
[0.333s] -- Up-to-date: /home/ajantharajah/jude_ws/install/my_cpp_pkg/share/ament_index/resource_index/parent_prefix_path/my_cpp_pkg
[0.334s] -- Up-to-date: /home/ajantharajah/jude_ws/install/my_cpp_pkg/share/my_cpp_pkg/environment/ament_prefix_path.sh
[0.334s] -- Up-to-date: /home/ajantharajah/jude_ws/install/my_cpp_pkg/share/my_cpp_pkg/environment/ament_prefix_path.dsv
[0.334s] -- Up-to-date: /home/ajantharajah/jude_ws/install/my_cpp_pkg/share/my_cpp_pkg/environment/path.sh
[0.334s] -- Up-to-date: /home/ajantharajah/jude_ws/install/my_cpp_pkg/share/my_cpp_pkg/environment/path.dsv
[0.334s] -- Up-to-date: /home/ajantharajah/jude_ws/install/my_cpp_pkg/share/my_cpp_pkg/local_setup.bash
[0.334s] -- Up-to-date: /home/ajantharajah/jude_ws/install/my_cpp_pkg/share/my_cpp_pkg/local_setup.sh
[0.334s] -- Up-to-date: /home/ajantharajah/jude_ws/install/my_cpp_pkg/share/my_cpp_pkg/local_setup.zsh
[0.334s] -- Up-to-date: /home/ajantharajah/jude_ws/install/my_cpp_pkg/share/my_cpp_pkg/local_setup.dsv
[0.334s] -- Installing: /home/ajantharajah/jude_ws/install/my_cpp_pkg/share/my_cpp_pkg/package.dsv
[0.335s] -- Up-to-date: /home/ajantharajah/jude_ws/install/my_cpp_pkg/share/ament_index/resource_index/packages/my_cpp_pkg
[0.335s] -- Up-to-date: /home/ajantharajah/jude_ws/install/my_cpp_pkg/share/my_cpp_pkg/cmake/my_cpp_pkgConfig.cmake
[0.335s] -- Up-to-date: /home/ajantharajah/jude_ws/install/my_cpp_pkg/share/my_cpp_pkg/cmake/my_cpp_pkgConfig-version.cmake
[0.336s] -- Up-to-date: /home/ajantharajah/jude_ws/install/my_cpp_pkg/share/my_cpp_pkg/package.xml
[0.338s] Invoked command in '/home/ajantharajah/jude_ws/build/my_cpp_pkg' returned '0': CMAKE_PREFIX_PATH=${CMAKE_PREFIX_PATH}:/home/ajantharajah/jude_ws/install/my_py_pkg:/home/ajantharajah/ros2_ws/install/my_py_pkg:/opt/ros/foxy /usr/bin/cmake --install /home/ajantharajah/jude_ws/build/my_cpp_pkg
