[0.632s] Invoking command in '/home/ajantharajah/jude_ws/src/my_py_pkg': PYTHONPATH=/home/ajantharajah/jude_ws/install/my_py_pkg/lib/python3.8/site-packages:${PYTHONPATH} /usr/bin/python3 setup.py egg_info --egg-base ../../build/my_py_pkg build --build-base /home/ajantharajah/jude_ws/build/my_py_pkg/build install --prefix /home/ajantharajah/jude_ws/install/my_py_pkg --record /home/ajantharajah/jude_ws/build/my_py_pkg/install.log --single-version-externally-managed
[0.831s] running egg_info
[0.831s] writing ../../build/my_py_pkg/my_py_pkg.egg-info/PKG-INFO
[0.831s] writing dependency_links to ../../build/my_py_pkg/my_py_pkg.egg-info/dependency_links.txt
[0.832s] writing entry points to ../../build/my_py_pkg/my_py_pkg.egg-info/entry_points.txt
[0.832s] writing requirements to ../../build/my_py_pkg/my_py_pkg.egg-info/requires.txt
[0.832s] writing top-level names to ../../build/my_py_pkg/my_py_pkg.egg-info/top_level.txt
[0.864s] reading manifest file '../../build/my_py_pkg/my_py_pkg.egg-info/SOURCES.txt'
[0.865s] writing manifest file '../../build/my_py_pkg/my_py_pkg.egg-info/SOURCES.txt'
[0.865s] running build
[0.865s] running build_py
[0.865s] running install
[0.866s] running install_lib
[0.867s] running install_data
[0.868s] running install_egg_info
[0.869s] removing '/home/ajantharajah/jude_ws/install/my_py_pkg/lib/python3.8/site-packages/my_py_pkg-0.0.0-py3.8.egg-info' (and everything under it)
[0.869s] Copying ../../build/my_py_pkg/my_py_pkg.egg-info to /home/ajantharajah/jude_ws/install/my_py_pkg/lib/python3.8/site-packages/my_py_pkg-0.0.0-py3.8.egg-info
[0.870s] running install_scripts
[0.885s] Installing py_node script to /home/ajantharajah/jude_ws/install/my_py_pkg/lib/my_py_pkg
[0.886s] writing list of installed files to '/home/ajantharajah/jude_ws/build/my_py_pkg/install.log'
[0.906s] Invoked command in '/home/ajantharajah/jude_ws/src/my_py_pkg' returned '0': PYTHONPATH=/home/ajantharajah/jude_ws/install/my_py_pkg/lib/python3.8/site-packages:${PYTHONPATH} /usr/bin/python3 setup.py egg_info --egg-base ../../build/my_py_pkg build --build-base /home/ajantharajah/jude_ws/build/my_py_pkg/build install --prefix /home/ajantharajah/jude_ws/install/my_py_pkg --record /home/ajantharajah/jude_ws/build/my_py_pkg/install.log --single-version-externally-managed
