[1.064s] Invoking command in '/home/ajantharajah/jude_ws/src/my_py_pkg': PYTHONPATH=/home/ajantharajah/jude_ws/install/my_py_pkg/lib/python3.8/site-packages:${PYTHONPATH} /usr/bin/python3 setup.py egg_info --egg-base ../../build/my_py_pkg build --build-base /home/ajantharajah/jude_ws/build/my_py_pkg/build install --prefix /home/ajantharajah/jude_ws/install/my_py_pkg --record /home/ajantharajah/jude_ws/build/my_py_pkg/install.log --single-version-externally-managed
[1.392s] running egg_info
[1.392s] writing ../../build/my_py_pkg/my_py_pkg.egg-info/PKG-INFO
[1.393s] writing dependency_links to ../../build/my_py_pkg/my_py_pkg.egg-info/dependency_links.txt
[1.393s] writing entry points to ../../build/my_py_pkg/my_py_pkg.egg-info/entry_points.txt
[1.393s] writing requirements to ../../build/my_py_pkg/my_py_pkg.egg-info/requires.txt
[1.393s] writing top-level names to ../../build/my_py_pkg/my_py_pkg.egg-info/top_level.txt
[1.449s] reading manifest file '../../build/my_py_pkg/my_py_pkg.egg-info/SOURCES.txt'
[1.450s] writing manifest file '../../build/my_py_pkg/my_py_pkg.egg-info/SOURCES.txt'
[1.450s] running build
[1.450s] running build_py
[1.451s] running install
[1.452s] running install_lib
[1.454s] running install_data
[1.455s] running install_egg_info
[1.457s] removing '/home/ajantharajah/jude_ws/install/my_py_pkg/lib/python3.8/site-packages/my_py_pkg-0.0.0-py3.8.egg-info' (and everything under it)
[1.458s] Copying ../../build/my_py_pkg/my_py_pkg.egg-info to /home/ajantharajah/jude_ws/install/my_py_pkg/lib/python3.8/site-packages/my_py_pkg-0.0.0-py3.8.egg-info
[1.459s] running install_scripts
[1.484s] Installing py_node script to /home/ajantharajah/jude_ws/install/my_py_pkg/lib/my_py_pkg
[1.484s] writing list of installed files to '/home/ajantharajah/jude_ws/build/my_py_pkg/install.log'
[1.512s] Invoked command in '/home/ajantharajah/jude_ws/src/my_py_pkg' returned '0': PYTHONPATH=/home/ajantharajah/jude_ws/install/my_py_pkg/lib/python3.8/site-packages:${PYTHONPATH} /usr/bin/python3 setup.py egg_info --egg-base ../../build/my_py_pkg build --build-base /home/ajantharajah/jude_ws/build/my_py_pkg/build install --prefix /home/ajantharajah/jude_ws/install/my_py_pkg --record /home/ajantharajah/jude_ws/build/my_py_pkg/install.log --single-version-externally-managed
