CMake Error at CMakeLists.txt:27 (add_executable):
  Cannot find source file:

    src/number_publisher.cpp

  Tried extensions .c .C .c++ .cc .cpp .cxx .cu .m .M .mm .h .hh .h++ .hm
  .hpp .hxx .in .txx


CMake Error at CMakeLists.txt:30 (add_executable):
  Cannot find source file:

    src/number_counter.cpp

  Tried extensions .c .C .c++ .cc .cpp .cxx .cu .m .M .mm .h .hh .h++ .hm
  .hpp .hxx .in .txx


CMake Error at CMakeLists.txt:36 (add_executable):
  Cannot find source file:

    src/add_two_ints_client.cpp

  Tried extensions .c .C .c++ .cc .cpp .cxx .cu .m .M .mm .h .hh .h++ .hm
  .hpp .hxx .in .txx


CMake Error at CMakeLists.txt:39 (add_executable):
  Cannot find source file:

    src/add_two_ints_client_no_oop.cpp

  Tried extensions .c .C .c++ .cc .cpp .cxx .cu .m .M .mm .h .hh .h++ .hm
  .hpp .hxx .in .txx


CMake Error at CMakeLists.txt:27 (add_executable):
  No SOURCES given to target: number_publisher


CMake Error at CMakeLists.txt:30 (add_executable):
  No SOURCES given to target: number_counter


CMake Error at CMakeLists.txt:36 (add_executable):
  No SOURCES given to target: add_two_ints_client


CMake Error at CMakeLists.txt:39 (add_executable):
  No SOURCES given to target: add_two_ints_client_no_oop


CMake Generate step failed.  Build files cannot be regenerated correctly.
make: *** [Makefile:266: cmake_check_build_system] Error 1
