[0.030s] Invoking command in '/home/ajantharajah/jude_ws/build/my_cpp_pkg': CMAKE_PREFIX_PATH=${CMAKE_PREFIX_PATH}:/home/ajantharajah/jude_ws/install/my_py_pkg:/home/ajantharajah/ros2_ws/install/my_py_pkg:/opt/ros/foxy /usr/bin/cmake --build /home/ajantharajah/jude_ws/build/my_cpp_pkg -- -j8 -l8
[0.267s] [35m[1mScanning dependencies of target cpp_node[0m
[0.268s] [ 50%] [32mBuilding CXX object CMakeFiles/cpp_node.dir/src/my_first_node.cpp.o[0m
[2.113s] [100%] [32m[1mLinking CXX executable cpp_node[0m
[2.262s] [100%] Built target cpp_node
[2.272s] Invoked command in '/home/ajantharajah/jude_ws/build/my_cpp_pkg' returned '0': CMAKE_PREFIX_PATH=${CMAKE_PREFIX_PATH}:/home/ajantharajah/jude_ws/install/my_py_pkg:/home/ajantharajah/ros2_ws/install/my_py_pkg:/opt/ros/foxy /usr/bin/cmake --build /home/ajantharajah/jude_ws/build/my_cpp_pkg -- -j8 -l8
[2.305s] Invoking command in '/home/ajantharajah/jude_ws/build/my_cpp_pkg': CMAKE_PREFIX_PATH=${CMAKE_PREFIX_PATH}:/home/ajantharajah/jude_ws/install/my_py_pkg:/home/ajantharajah/ros2_ws/install/my_py_pkg:/opt/ros/foxy /usr/bin/cmake --install /home/ajantharajah/jude_ws/build/my_cpp_pkg
[2.314s] -- Install configuration: ""
[2.314s] -- Installing: /home/ajantharajah/jude_ws/install/my_cpp_pkg/lib/my_cpp_pkg/cpp_node
[2.315s] -- Set runtime path of "/home/ajantharajah/jude_ws/install/my_cpp_pkg/lib/my_cpp_pkg/cpp_node" to ""
[2.315s] -- Up-to-date: /home/ajantharajah/jude_ws/install/my_cpp_pkg/share/ament_index/resource_index/package_run_dependencies/my_cpp_pkg
[2.316s] -- Up-to-date: /home/ajantharajah/jude_ws/install/my_cpp_pkg/share/ament_index/resource_index/parent_prefix_path/my_cpp_pkg
[2.316s] -- Up-to-date: /home/ajantharajah/jude_ws/install/my_cpp_pkg/share/my_cpp_pkg/environment/ament_prefix_path.sh
[2.316s] -- Up-to-date: /home/ajantharajah/jude_ws/install/my_cpp_pkg/share/my_cpp_pkg/environment/ament_prefix_path.dsv
[2.316s] -- Up-to-date: /home/ajantharajah/jude_ws/install/my_cpp_pkg/share/my_cpp_pkg/environment/path.sh
[2.316s] -- Up-to-date: /home/ajantharajah/jude_ws/install/my_cpp_pkg/share/my_cpp_pkg/environment/path.dsv
[2.316s] -- Up-to-date: /home/ajantharajah/jude_ws/install/my_cpp_pkg/share/my_cpp_pkg/local_setup.bash
[2.316s] -- Up-to-date: /home/ajantharajah/jude_ws/install/my_cpp_pkg/share/my_cpp_pkg/local_setup.sh
[2.316s] -- Up-to-date: /home/ajantharajah/jude_ws/install/my_cpp_pkg/share/my_cpp_pkg/local_setup.zsh
[2.317s] -- Up-to-date: /home/ajantharajah/jude_ws/install/my_cpp_pkg/share/my_cpp_pkg/local_setup.dsv
[2.317s] -- Installing: /home/ajantharajah/jude_ws/install/my_cpp_pkg/share/my_cpp_pkg/package.dsv
[2.317s] -- Up-to-date: /home/ajantharajah/jude_ws/install/my_cpp_pkg/share/ament_index/resource_index/packages/my_cpp_pkg
[2.317s] -- Up-to-date: /home/ajantharajah/jude_ws/install/my_cpp_pkg/share/my_cpp_pkg/cmake/my_cpp_pkgConfig.cmake
[2.317s] -- Up-to-date: /home/ajantharajah/jude_ws/install/my_cpp_pkg/share/my_cpp_pkg/cmake/my_cpp_pkgConfig-version.cmake
[2.317s] -- Up-to-date: /home/ajantharajah/jude_ws/install/my_cpp_pkg/share/my_cpp_pkg/package.xml
[2.320s] Invoked command in '/home/ajantharajah/jude_ws/build/my_cpp_pkg' returned '0': CMAKE_PREFIX_PATH=${CMAKE_PREFIX_PATH}:/home/ajantharajah/jude_ws/install/my_py_pkg:/home/ajantharajah/ros2_ws/install/my_py_pkg:/opt/ros/foxy /usr/bin/cmake --install /home/ajantharajah/jude_ws/build/my_cpp_pkg
