[0.710s] Invoking command in '/home/ajantharajah/jude_ws/src/my_py_pkg': PYTHONPATH=/home/ajantharajah/jude_ws/install/my_py_pkg/lib/python3.8/site-packages:${PYTHONPATH} /usr/bin/python3 setup.py egg_info --egg-base ../../build/my_py_pkg build --build-base /home/ajantharajah/jude_ws/build/my_py_pkg/build install --prefix /home/ajantharajah/jude_ws/install/my_py_pkg --record /home/ajantharajah/jude_ws/build/my_py_pkg/install.log --single-version-externally-managed
[0.902s] running egg_info
[0.902s] writing ../../build/my_py_pkg/my_py_pkg.egg-info/PKG-INFO
[0.903s] writing dependency_links to ../../build/my_py_pkg/my_py_pkg.egg-info/dependency_links.txt
[0.903s] writing entry points to ../../build/my_py_pkg/my_py_pkg.egg-info/entry_points.txt
[0.903s] writing requirements to ../../build/my_py_pkg/my_py_pkg.egg-info/requires.txt
[0.903s] writing top-level names to ../../build/my_py_pkg/my_py_pkg.egg-info/top_level.txt
[0.937s] reading manifest file '../../build/my_py_pkg/my_py_pkg.egg-info/SOURCES.txt'
[0.938s] writing manifest file '../../build/my_py_pkg/my_py_pkg.egg-info/SOURCES.txt'
[0.938s] running build
[0.938s] running build_py
[0.939s] copying my_py_pkg/my_first_node.py -> /home/ajantharajah/jude_ws/build/my_py_pkg/build/lib/my_py_pkg
[0.940s] running install
[0.940s] running install_lib
[0.941s] copying /home/ajantharajah/jude_ws/build/my_py_pkg/build/lib/my_py_pkg/my_first_node.py -> /home/ajantharajah/jude_ws/install/my_py_pkg/lib/python3.8/site-packages/my_py_pkg
[0.942s] byte-compiling /home/ajantharajah/jude_ws/install/my_py_pkg/lib/python3.8/site-packages/my_py_pkg/my_first_node.py to my_first_node.cpython-38.pyc
[0.944s] running install_data
[0.945s] running install_egg_info
[0.946s] removing '/home/ajantharajah/jude_ws/install/my_py_pkg/lib/python3.8/site-packages/my_py_pkg-0.0.0-py3.8.egg-info' (and everything under it)
[0.946s] Copying ../../build/my_py_pkg/my_py_pkg.egg-info to /home/ajantharajah/jude_ws/install/my_py_pkg/lib/python3.8/site-packages/my_py_pkg-0.0.0-py3.8.egg-info
[0.947s] running install_scripts
[0.962s] Installing py_node script to /home/ajantharajah/jude_ws/install/my_py_pkg/lib/my_py_pkg
[0.962s] writing list of installed files to '/home/ajantharajah/jude_ws/build/my_py_pkg/install.log'
[0.982s] Invoked command in '/home/ajantharajah/jude_ws/src/my_py_pkg' returned '0': PYTHONPATH=/home/ajantharajah/jude_ws/install/my_py_pkg/lib/python3.8/site-packages:${PYTHONPATH} /usr/bin/python3 setup.py egg_info --egg-base ../../build/my_py_pkg build --build-base /home/ajantharajah/jude_ws/build/my_py_pkg/build install --prefix /home/ajantharajah/jude_ws/install/my_py_pkg --record /home/ajantharajah/jude_ws/build/my_py_pkg/install.log --single-version-externally-managed
