[0.930s] Invoking command in '/home/ajantharajah/jude_ws/build/my_py_pkg': PYTHONPATH=/home/ajantharajah/jude_ws/install/my_py_pkg/lib/python3.8/site-packages:${PYTHONPATH} /usr/bin/python3 setup.py develop --prefix /home/ajantharajah/jude_ws/install/my_py_pkg --uninstall --editable --build-directory /home/ajantharajah/jude_ws/build/my_py_pkg/build
[1.282s] running develop
[1.509s] Invoked command in '/home/ajantharajah/jude_ws/build/my_py_pkg' returned '0': PYTHONPATH=/home/ajantharajah/jude_ws/install/my_py_pkg/lib/python3.8/site-packages:${PYTHONPATH} /usr/bin/python3 setup.py develop --prefix /home/ajantharajah/jude_ws/install/my_py_pkg --uninstall --editable --build-directory /home/ajantharajah/jude_ws/build/my_py_pkg/build
[1.511s] Invoking command in '/home/ajantharajah/jude_ws/src/my_py_pkg': PYTHONPATH=/home/ajantharajah/jude_ws/install/my_py_pkg/lib/python3.8/site-packages:${PYTHONPATH} /usr/bin/python3 setup.py egg_info --egg-base ../../build/my_py_pkg build --build-base /home/ajantharajah/jude_ws/build/my_py_pkg/build install --prefix /home/ajantharajah/jude_ws/install/my_py_pkg --record /home/ajantharajah/jude_ws/build/my_py_pkg/install.log --single-version-externally-managed
[1.835s] running egg_info
[1.836s] writing ../../build/my_py_pkg/my_py_pkg.egg-info/PKG-INFO
[1.837s] writing dependency_links to ../../build/my_py_pkg/my_py_pkg.egg-info/dependency_links.txt
[1.837s] writing entry points to ../../build/my_py_pkg/my_py_pkg.egg-info/entry_points.txt
[1.838s] writing requirements to ../../build/my_py_pkg/my_py_pkg.egg-info/requires.txt
[1.838s] writing top-level names to ../../build/my_py_pkg/my_py_pkg.egg-info/top_level.txt
[1.892s] reading manifest file '../../build/my_py_pkg/my_py_pkg.egg-info/SOURCES.txt'
[1.894s] writing manifest file '../../build/my_py_pkg/my_py_pkg.egg-info/SOURCES.txt'
[1.894s] running build
[1.894s] running build_py
[1.895s] running install
[1.896s] running install_lib
[1.898s] running install_data
[1.899s] running install_egg_info
[1.901s] removing '/home/ajantharajah/jude_ws/install/my_py_pkg/lib/python3.8/site-packages/my_py_pkg-0.0.0-py3.8.egg-info' (and everything under it)
[1.902s] Copying ../../build/my_py_pkg/my_py_pkg.egg-info to /home/ajantharajah/jude_ws/install/my_py_pkg/lib/python3.8/site-packages/my_py_pkg-0.0.0-py3.8.egg-info
[1.903s] running install_scripts
[1.927s] Installing add_two_ints_server script to /home/ajantharajah/jude_ws/install/my_py_pkg/lib/my_py_pkg
[1.927s] Installing number_publisher script to /home/ajantharajah/jude_ws/install/my_py_pkg/lib/my_py_pkg
[1.928s] Installing py_node script to /home/ajantharajah/jude_ws/install/my_py_pkg/lib/my_py_pkg
[1.928s] Installing robot_news_station script to /home/ajantharajah/jude_ws/install/my_py_pkg/lib/my_py_pkg
[1.928s] Installing smartphone script to /home/ajantharajah/jude_ws/install/my_py_pkg/lib/my_py_pkg
[1.929s] writing list of installed files to '/home/ajantharajah/jude_ws/build/my_py_pkg/install.log'
[1.957s] Invoked command in '/home/ajantharajah/jude_ws/src/my_py_pkg' returned '0': PYTHONPATH=/home/ajantharajah/jude_ws/install/my_py_pkg/lib/python3.8/site-packages:${PYTHONPATH} /usr/bin/python3 setup.py egg_info --egg-base ../../build/my_py_pkg build --build-base /home/ajantharajah/jude_ws/build/my_py_pkg/build install --prefix /home/ajantharajah/jude_ws/install/my_py_pkg --record /home/ajantharajah/jude_ws/build/my_py_pkg/install.log --single-version-externally-managed
