[0.022s] Invoking command in '/home/ajantharajah/jude_ws/build/my_cpp_pkg': CMAKE_PREFIX_PATH=${CMAKE_PREFIX_PATH}:/home/ajantharajah/ros2_ws/install/my_py_pkg:/opt/ros/foxy /usr/bin/cmake /home/ajantharajah/jude_ws/src/my_cpp_pkg -DCMAKE_INSTALL_PREFIX=/home/ajantharajah/jude_ws/install/my_cpp_pkg
[0.226s] -- The C compiler identification is GNU 9.3.0
[0.395s] -- The CXX compiler identification is GNU 9.3.0
[0.401s] -- Check for working C compiler: /usr/bin/cc
[0.474s] -- Check for working C compiler: /usr/bin/cc -- works
[0.475s] -- Detecting C compiler ABI info
[0.549s] -- Detecting C compiler ABI info - done
[0.562s] -- Detecting C compile features
[0.562s] -- Detecting C compile features - done
[0.565s] -- Check for working CXX compiler: /usr/bin/c++
[0.647s] -- Check for working CXX compiler: /usr/bin/c++ -- works
[0.648s] -- Detecting CXX compiler ABI info
[0.732s] -- Detecting CXX compiler ABI info - done
[0.745s] -- Detecting CXX compile features
[0.745s] -- Detecting CXX compile features - done
[0.750s] -- Found ament_cmake: 0.9.9 (/opt/ros/foxy/share/ament_cmake/cmake)
[0.776s] -- Found PythonInterp: /usr/bin/python3 (found suitable version "3.8.10", minimum required is "3") 
[0.776s] -- Using PYTHON_EXECUTABLE: /usr/bin/python3
[0.997s] -- Found rclcpp: 2.4.0 (/opt/ros/foxy/share/rclcpp/cmake)
[1.050s] -- Using all available rosidl_typesupport_c: rosidl_typesupport_fastrtps_c;rosidl_typesupport_introspection_c
[1.057s] -- Found rosidl_adapter: 1.2.1 (/opt/ros/foxy/share/rosidl_adapter/cmake)
[1.143s] -- Found OpenSSL: /usr/lib/x86_64-linux-gnu/libcrypto.so (found version "1.1.1f")  
[1.173s] -- Found FastRTPS: /opt/ros/foxy/include  
[1.256s] -- Using all available rosidl_typesupport_cpp: rosidl_typesupport_fastrtps_cpp;rosidl_typesupport_introspection_cpp
[1.318s] -- Found rmw_implementation_cmake: 1.0.3 (/opt/ros/foxy/share/rmw_implementation_cmake/cmake)
[1.320s] -- Using RMW implementation 'rmw_fastrtps_cpp' as default
[1.322s] -- Looking for pthread.h
[1.402s] -- Looking for pthread.h - found
[1.402s] -- Performing Test CMAKE_HAVE_LIBC_PTHREAD
[1.473s] -- Performing Test CMAKE_HAVE_LIBC_PTHREAD - Failed
[1.473s] -- Looking for pthread_create in pthreads
[1.529s] -- Looking for pthread_create in pthreads - not found
[1.529s] -- Looking for pthread_create in pthread
[1.596s] -- Looking for pthread_create in pthread - found
[1.597s] -- Found Threads: TRUE  
[1.761s] -- Found ament_lint_auto: 0.9.6 (/opt/ros/foxy/share/ament_lint_auto/cmake)
[1.854s] -- Added test 'copyright' to check source files copyright and LICENSE
[1.856s] -- Added test 'lint_cmake' to check CMake code style
[1.858s] -- Added test 'xmllint' to check XML markup files
[1.861s] -- Configuring done
[1.863s] -- Generating done
[1.864s] -- Build files have been written to: /home/ajantharajah/jude_ws/build/my_cpp_pkg
[1.872s] Invoked command in '/home/ajantharajah/jude_ws/build/my_cpp_pkg' returned '0': CMAKE_PREFIX_PATH=${CMAKE_PREFIX_PATH}:/home/ajantharajah/ros2_ws/install/my_py_pkg:/opt/ros/foxy /usr/bin/cmake /home/ajantharajah/jude_ws/src/my_cpp_pkg -DCMAKE_INSTALL_PREFIX=/home/ajantharajah/jude_ws/install/my_cpp_pkg
[1.874s] Invoking command in '/home/ajantharajah/jude_ws/build/my_cpp_pkg': CMAKE_PREFIX_PATH=${CMAKE_PREFIX_PATH}:/home/ajantharajah/ros2_ws/install/my_py_pkg:/opt/ros/foxy /usr/bin/cmake --build /home/ajantharajah/jude_ws/build/my_cpp_pkg -- -j8 -l8
[1.914s] Invoked command in '/home/ajantharajah/jude_ws/build/my_cpp_pkg' returned '0': CMAKE_PREFIX_PATH=${CMAKE_PREFIX_PATH}:/home/ajantharajah/ros2_ws/install/my_py_pkg:/opt/ros/foxy /usr/bin/cmake --build /home/ajantharajah/jude_ws/build/my_cpp_pkg -- -j8 -l8
[1.947s] Invoking command in '/home/ajantharajah/jude_ws/build/my_cpp_pkg': CMAKE_PREFIX_PATH=${CMAKE_PREFIX_PATH}:/home/ajantharajah/ros2_ws/install/my_py_pkg:/opt/ros/foxy /usr/bin/cmake --install /home/ajantharajah/jude_ws/build/my_cpp_pkg
[1.955s] -- Install configuration: ""
[1.955s] -- Installing: /home/ajantharajah/jude_ws/install/my_cpp_pkg/share/ament_index/resource_index/package_run_dependencies/my_cpp_pkg
[1.955s] -- Installing: /home/ajantharajah/jude_ws/install/my_cpp_pkg/share/ament_index/resource_index/parent_prefix_path/my_cpp_pkg
[1.955s] -- Installing: /home/ajantharajah/jude_ws/install/my_cpp_pkg/share/my_cpp_pkg/environment/ament_prefix_path.sh
[1.955s] -- Installing: /home/ajantharajah/jude_ws/install/my_cpp_pkg/share/my_cpp_pkg/environment/ament_prefix_path.dsv
[1.956s] -- Installing: /home/ajantharajah/jude_ws/install/my_cpp_pkg/share/my_cpp_pkg/environment/path.sh
[1.956s] -- Installing: /home/ajantharajah/jude_ws/install/my_cpp_pkg/share/my_cpp_pkg/environment/path.dsv
[1.956s] -- Installing: /home/ajantharajah/jude_ws/install/my_cpp_pkg/share/my_cpp_pkg/local_setup.bash
[1.956s] -- Installing: /home/ajantharajah/jude_ws/install/my_cpp_pkg/share/my_cpp_pkg/local_setup.sh
[1.956s] -- Installing: /home/ajantharajah/jude_ws/install/my_cpp_pkg/share/my_cpp_pkg/local_setup.zsh
[1.956s] -- Installing: /home/ajantharajah/jude_ws/install/my_cpp_pkg/share/my_cpp_pkg/local_setup.dsv
[1.957s] -- Installing: /home/ajantharajah/jude_ws/install/my_cpp_pkg/share/my_cpp_pkg/package.dsv
[1.957s] -- Installing: /home/ajantharajah/jude_ws/install/my_cpp_pkg/share/ament_index/resource_index/packages/my_cpp_pkg
[1.957s] -- Installing: /home/ajantharajah/jude_ws/install/my_cpp_pkg/share/my_cpp_pkg/cmake/my_cpp_pkgConfig.cmake
[1.957s] -- Installing: /home/ajantharajah/jude_ws/install/my_cpp_pkg/share/my_cpp_pkg/cmake/my_cpp_pkgConfig-version.cmake
[1.957s] -- Installing: /home/ajantharajah/jude_ws/install/my_cpp_pkg/share/my_cpp_pkg/package.xml
[1.960s] Invoked command in '/home/ajantharajah/jude_ws/build/my_cpp_pkg' returned '0': CMAKE_PREFIX_PATH=${CMAKE_PREFIX_PATH}:/home/ajantharajah/ros2_ws/install/my_py_pkg:/opt/ros/foxy /usr/bin/cmake --install /home/ajantharajah/jude_ws/build/my_cpp_pkg
