[0.562s] Invoking command in '/home/ajantharajah/jude_ws/src/my_py_pkg': PYTHONPATH=/home/ajantharajah/jude_ws/install/my_py_pkg/lib/python3.8/site-packages:${PYTHONPATH} /usr/bin/python3 setup.py egg_info --egg-base ../../build/my_py_pkg build --build-base /home/ajantharajah/jude_ws/build/my_py_pkg/build install --prefix /home/ajantharajah/jude_ws/install/my_py_pkg --record /home/ajantharajah/jude_ws/build/my_py_pkg/install.log --single-version-externally-managed
[0.754s] running egg_info
[0.754s] creating ../../build/my_py_pkg/my_py_pkg.egg-info
[0.755s] writing ../../build/my_py_pkg/my_py_pkg.egg-info/PKG-INFO
[0.755s] writing dependency_links to ../../build/my_py_pkg/my_py_pkg.egg-info/dependency_links.txt
[0.755s] writing entry points to ../../build/my_py_pkg/my_py_pkg.egg-info/entry_points.txt
[0.755s] writing requirements to ../../build/my_py_pkg/my_py_pkg.egg-info/requires.txt
[0.755s] writing top-level names to ../../build/my_py_pkg/my_py_pkg.egg-info/top_level.txt
[0.756s] writing manifest file '../../build/my_py_pkg/my_py_pkg.egg-info/SOURCES.txt'
[0.786s] reading manifest file '../../build/my_py_pkg/my_py_pkg.egg-info/SOURCES.txt'
[0.787s] writing manifest file '../../build/my_py_pkg/my_py_pkg.egg-info/SOURCES.txt'
[0.787s] running build
[0.787s] running build_py
[0.787s] creating /home/ajantharajah/jude_ws/build/my_py_pkg/build
[0.788s] creating /home/ajantharajah/jude_ws/build/my_py_pkg/build/lib
[0.788s] creating /home/ajantharajah/jude_ws/build/my_py_pkg/build/lib/my_py_pkg
[0.788s] copying my_py_pkg/__init__.py -> /home/ajantharajah/jude_ws/build/my_py_pkg/build/lib/my_py_pkg
[0.788s] running install
[0.788s] running install_lib
[0.789s] creating /home/ajantharajah/jude_ws/install/my_py_pkg/lib/python3.8/site-packages/my_py_pkg
[0.789s] copying /home/ajantharajah/jude_ws/build/my_py_pkg/build/lib/my_py_pkg/__init__.py -> /home/ajantharajah/jude_ws/install/my_py_pkg/lib/python3.8/site-packages/my_py_pkg
[0.790s] byte-compiling /home/ajantharajah/jude_ws/install/my_py_pkg/lib/python3.8/site-packages/my_py_pkg/__init__.py to __init__.cpython-38.pyc
[0.791s] running install_data
[0.791s] creating /home/ajantharajah/jude_ws/install/my_py_pkg/share/ament_index
[0.791s] creating /home/ajantharajah/jude_ws/install/my_py_pkg/share/ament_index/resource_index
[0.791s] creating /home/ajantharajah/jude_ws/install/my_py_pkg/share/ament_index/resource_index/packages
[0.792s] copying resource/my_py_pkg -> /home/ajantharajah/jude_ws/install/my_py_pkg/share/ament_index/resource_index/packages
[0.792s] copying package.xml -> /home/ajantharajah/jude_ws/install/my_py_pkg/share/my_py_pkg
[0.792s] running install_egg_info
[0.793s] Copying ../../build/my_py_pkg/my_py_pkg.egg-info to /home/ajantharajah/jude_ws/install/my_py_pkg/lib/python3.8/site-packages/my_py_pkg-0.0.0-py3.8.egg-info
[0.794s] running install_scripts
[0.809s] writing list of installed files to '/home/ajantharajah/jude_ws/build/my_py_pkg/install.log'
[0.828s] Invoked command in '/home/ajantharajah/jude_ws/src/my_py_pkg' returned '0': PYTHONPATH=/home/ajantharajah/jude_ws/install/my_py_pkg/lib/python3.8/site-packages:${PYTHONPATH} /usr/bin/python3 setup.py egg_info --egg-base ../../build/my_py_pkg build --build-base /home/ajantharajah/jude_ws/build/my_py_pkg/build install --prefix /home/ajantharajah/jude_ws/install/my_py_pkg --record /home/ajantharajah/jude_ws/build/my_py_pkg/install.log --single-version-externally-managed
