[0.014s] Invoking command in '/home/ajantharajah/jude_ws/build/my_cpp_pkg': CMAKE_PREFIX_PATH=${CMAKE_PREFIX_PATH}:/home/ajantharajah/jude_ws/install/my_py_pkg:/home/ajantharajah/ros2_ws/install/my_py_pkg:/opt/ros/foxy /usr/bin/cmake --build /home/ajantharajah/jude_ws/build/my_cpp_pkg -- -j8 -l8
[0.040s] -- Found ament_cmake: 0.9.9 (/opt/ros/foxy/share/ament_cmake/cmake)
[0.064s] -- Using PYTHON_EXECUTABLE: /usr/bin/python3
[0.231s] -- Found rclcpp: 2.4.0 (/opt/ros/foxy/share/rclcpp/cmake)
[0.262s] -- Using all available rosidl_typesupport_c: rosidl_typesupport_fastrtps_c;rosidl_typesupport_introspection_c
[0.265s] -- Found rosidl_adapter: 1.2.1 (/opt/ros/foxy/share/rosidl_adapter/cmake)
[0.376s] -- Using all available rosidl_typesupport_cpp: rosidl_typesupport_fastrtps_cpp;rosidl_typesupport_introspection_cpp
[0.422s] -- Found rmw_implementation_cmake: 1.0.3 (/opt/ros/foxy/share/rmw_implementation_cmake/cmake)
[0.423s] -- Using RMW implementation 'rmw_fastrtps_cpp' as default
[0.557s] -- Found example_interfaces: 0.9.1 (/opt/ros/foxy/share/example_interfaces/cmake)
[0.716s] -- Configuring done
[0.717s] CMake Error at CMakeLists.txt:36 (add_executable):
[0.718s]   Cannot find source file:
[0.718s] 
[0.718s]     src/add_two_ints_client.cpp
[0.718s] 
[0.718s]   Tried extensions .c .C .c++ .cc .cpp .cxx .cu .m .M .mm .h .hh .h++ .hm
[0.718s]   .hpp .hxx .in .txx
[0.718s] 
[0.718s] 
[0.718s] CMake Error at CMakeLists.txt:39 (add_executable):
[0.718s]   Cannot find source file:
[0.718s] 
[0.719s]     src/add_two_ints_client_no_oop.cpp
[0.719s] 
[0.719s]   Tried extensions .c .C .c++ .cc .cpp .cxx .cu .m .M .mm .h .hh .h++ .hm
[0.719s]   .hpp .hxx .in .txx
[0.719s] 
[0.719s] 
[0.719s] CMake Error at CMakeLists.txt:36 (add_executable):
[0.719s]   No SOURCES given to target: add_two_ints_client
[0.719s] 
[0.719s] 
[0.719s] CMake Error at CMakeLists.txt:39 (add_executable):
[0.719s]   No SOURCES given to target: add_two_ints_client_no_oop
[0.719s] 
[0.719s] 
[0.719s] CMake Generate step failed.  Build files cannot be regenerated correctly.
[0.723s] make: *** [Makefile:266: cmake_check_build_system] Error 1
[0.725s] Invoked command in '/home/ajantharajah/jude_ws/build/my_cpp_pkg' returned '2': CMAKE_PREFIX_PATH=${CMAKE_PREFIX_PATH}:/home/ajantharajah/jude_ws/install/my_py_pkg:/home/ajantharajah/ros2_ws/install/my_py_pkg:/opt/ros/foxy /usr/bin/cmake --build /home/ajantharajah/jude_ws/build/my_cpp_pkg -- -j8 -l8
